<?xml version="1.0" encoding="UTF-8"?>
<!-- Generated by org.testng.reporters.JUnitXMLReporter -->
<testsuite ignored="0" hostname="DESKTOP-20UUDJV" failures="0" tests="10" name="Test" time="147.313" errors="0" timestamp="2025-10-28T14:16:37 IST">
  <testcase classname="com.actitime.testscript.ProjectModule" name="createProject1" time="6.98"/>
  <testcase classname="com.actitime.testscript.ProjectModule" name="createProject2" time="5.262"/>
  <testcase classname="com.actitime.testscript.ProjectModule" name="deleteProject1" time="10.628"/>
  <testcase classname="com.actitime.testscript.ProjectModule" name="deleteProject2" time="10.573"/>
  <testcase classname="com.actitime.testscript.CustomerModule" name="createCustomer" time="4.12"/>
  <testcase classname="com.actitime.testscript.CustomerModule" name="deleteCustomer" time="6.635"/>
  <testcase classname="com.actitime.testscript.Task_Create_Delete_Module" name="CreateTask" time="9.009"/>
  <testcase classname="com.actitime.testscript.Task_Create_Delete_Module" name="DeleteAllTask" time="38.424"/>
  <testcase classname="com.actitime.testscript.UserModule" name="createUser" time="6.349"/>
  <testcase classname="com.actitime.testscript.UserModule" name="deleteUser" time="11.295"/>
</testsuite> <!-- Test -->
