<?xml version="1.0" encoding="UTF-8"?>
<!-- Generated by org.testng.reporters.JUnitReportReporter -->
<testsuite hostname="DESKTOP-20UUDJV" failures="0" tests="2" name="com.actitime.testscript.UserModule" time="23.230" errors="0" timestamp="2025-10-28T14:16:37 IST" skipped="0">
  <testcase classname="com.actitime.testscript.UserModule" name="deleteUser" time="14.080">
    <system-out>
      <![CDATA[deleted user 1 successfully!
deleted user 2 successfully!
deleteUserhas been TestSuccess ]]>
    </system-out>
  </testcase> <!-- deleteUser -->
  <testcase classname="com.actitime.testscript.UserModule" name="createUser" time="9.150">
    <system-out>
      <![CDATA[User 1 created successfully!
User 2 created successfully!
createUserhas been TestSuccess ]]>
    </system-out>
  </testcase> <!-- createUser -->
  <system-out>
    <![CDATA[LogIn
Project 1 is Created successfully!
createProject1has been TestSuccess 
LogOut
LogIn
Project 2 is Created successfully!
createProject2has been TestSuccess 
LogOut
LogIn
Project 1 is Deleted successfully!
deleteProject1has been TestSuccess 
LogOut
LogIn
Project 2 is Deleted successfully!
deleteProject2has been TestSuccess 
LogOut
closeBrowser
LogIn
Customer is Created successfully!
createCustomerhas been TestSuccess 
LogOut
LogIn
Customer is Deleted successfully!
deleteCustomerhas been TestSuccess 
LogOut
closeBrowser
LogIn
Tasks are Created !!!
CreateTaskhas been TestSuccess 
LogOut
LogIn
Task 1'Java_Programming' has been deleted
Task 2'Python_Programming' has been deleted
Task 3'C#_Programming' has been deleted
Task 4'PHP_Programming' has been deleted
Task 5'SQL' has been deleted
DeleteAllTaskhas been TestSuccess 
LogOut
closeBrowser
LogIn
User 1 created successfully!
User 2 created successfully!
createUserhas been TestSuccess 
LogOut
LogIn
deleted user 1 successfully!
deleted user 2 successfully!
deleteUserhas been TestSuccess 
LogOut
closeBrowser]]>
  </system-out>
</testsuite> <!-- com.actitime.testscript.UserModule -->
