<?xml version="1.0" encoding="UTF-8"?>
<!-- Generated by org.testng.reporters.JUnitReportReporter -->
<testsuite hostname="DESKTOP-20UUDJV" failures="0" tests="2" name="com.actitime.testscript.CreateTaskModule" time="53.925" errors="0" timestamp="2025-10-28T14:06:16 IST" skipped="0">
  <testcase classname="com.actitime.testscript.CreateTaskModule" name="DeleteAllTask" time="39.661">
    <system-out>
      <![CDATA[Task 1'Java_Programming' has been deleted
Task 2'Python_Programming' has been deleted
Task 3'C#_Programming' has been deleted
Task 4'PHP_Programming' has been deleted
Task 5'SQL' has been deleted]]>
    </system-out>
  </testcase> <!-- DeleteAllTask -->
  <testcase classname="com.actitime.testscript.CreateTaskModule" name="CreateTask" time="14.264">
    <system-out>
      <![CDATA[Tasks are Created !!!]]>
    </system-out>
  </testcase> <!-- CreateTask -->
  <system-out>
    <![CDATA[LogIn
Tasks are Created !!!
LogOut
LogIn
Task 1'Java_Programming' has been deleted
Task 2'Python_Programming' has been deleted
Task 3'C#_Programming' has been deleted
Task 4'PHP_Programming' has been deleted
Task 5'SQL' has been deleted
LogOut
closeBrowser]]>
  </system-out>
</testsuite> <!-- com.actitime.testscript.CreateTaskModule -->
