<?xml version="1.0" encoding="UTF-8"?>
<!-- Generated by org.testng.reporters.JUnitReportReporter -->
<testsuite hostname="DESKTOP-20UUDJV" failures="0" tests="1" name="com.actitime.testscript.TaskModule" time="15.328" errors="0" timestamp="2025-10-25T11:17:56 IST" skipped="0">
  <testcase classname="com.actitime.testscript.TaskModule" name="CreateTask" time="15.328"/>
  <system-out>
    <![CDATA[LogIn
LogOut
closeBrowser]]>
  </system-out>
</testsuite> <!-- com.actitime.testscript.TaskModule -->
