<?xml version="1.0" encoding="UTF-8"?>
<testng-results ignored="0" total="10" passed="10" failed="0" skipped="0">
  <reporter-output>
    <line>
      <![CDATA[LogIn]]>
    </line>
    <line>
      <![CDATA[Project 1 is Created successfully!]]>
    </line>
    <line>
      <![CDATA[createProject1has been TestSuccess ]]>
    </line>
    <line>
      <![CDATA[LogOut]]>
    </line>
    <line>
      <![CDATA[LogIn]]>
    </line>
    <line>
      <![CDATA[Project 2 is Created successfully!]]>
    </line>
    <line>
      <![CDATA[createProject2has been TestSuccess ]]>
    </line>
    <line>
      <![CDATA[LogOut]]>
    </line>
    <line>
      <![CDATA[LogIn]]>
    </line>
    <line>
      <![CDATA[Project 1 is Deleted successfully!]]>
    </line>
    <line>
      <![CDATA[deleteProject1has been TestSuccess ]]>
    </line>
    <line>
      <![CDATA[LogOut]]>
    </line>
    <line>
      <![CDATA[LogIn]]>
    </line>
    <line>
      <![CDATA[Project 2 is Deleted successfully!]]>
    </line>
    <line>
      <![CDATA[deleteProject2has been TestSuccess ]]>
    </line>
    <line>
      <![CDATA[LogOut]]>
    </line>
    <line>
      <![CDATA[closeBrowser]]>
    </line>
    <line>
      <![CDATA[LogIn]]>
    </line>
    <line>
      <![CDATA[Customer is Created successfully!]]>
    </line>
    <line>
      <![CDATA[createCustomerhas been TestSuccess ]]>
    </line>
    <line>
      <![CDATA[LogOut]]>
    </line>
    <line>
      <![CDATA[LogIn]]>
    </line>
    <line>
      <![CDATA[Customer is Deleted successfully!]]>
    </line>
    <line>
      <![CDATA[deleteCustomerhas been TestSuccess ]]>
    </line>
    <line>
      <![CDATA[LogOut]]>
    </line>
    <line>
      <![CDATA[closeBrowser]]>
    </line>
    <line>
      <![CDATA[LogIn]]>
    </line>
    <line>
      <![CDATA[Tasks are Created !!!]]>
    </line>
    <line>
      <![CDATA[CreateTaskhas been TestSuccess ]]>
    </line>
    <line>
      <![CDATA[LogOut]]>
    </line>
    <line>
      <![CDATA[LogIn]]>
    </line>
    <line>
      <![CDATA[Task 1'Java_Programming' has been deleted]]>
    </line>
    <line>
      <![CDATA[Task 2'Python_Programming' has been deleted]]>
    </line>
    <line>
      <![CDATA[Task 3'C#_Programming' has been deleted]]>
    </line>
    <line>
      <![CDATA[Task 4'PHP_Programming' has been deleted]]>
    </line>
    <line>
      <![CDATA[Task 5'SQL' has been deleted]]>
    </line>
    <line>
      <![CDATA[DeleteAllTaskhas been TestSuccess ]]>
    </line>
    <line>
      <![CDATA[LogOut]]>
    </line>
    <line>
      <![CDATA[closeBrowser]]>
    </line>
    <line>
      <![CDATA[LogIn]]>
    </line>
    <line>
      <![CDATA[User 1 created successfully!]]>
    </line>
    <line>
      <![CDATA[User 2 created successfully!]]>
    </line>
    <line>
      <![CDATA[createUserhas been TestSuccess ]]>
    </line>
    <line>
      <![CDATA[LogOut]]>
    </line>
    <line>
      <![CDATA[LogIn]]>
    </line>
    <line>
      <![CDATA[deleted user 1 successfully!]]>
    </line>
    <line>
      <![CDATA[deleted user 2 successfully!]]>
    </line>
    <line>
      <![CDATA[deleteUserhas been TestSuccess ]]>
    </line>
    <line>
      <![CDATA[LogOut]]>
    </line>
    <line>
      <![CDATA[closeBrowser]]>
    </line>
  </reporter-output>
  <suite started-at="2025-10-28T14:14:09 IST" name="Suite" finished-at="2025-10-28T14:16:37 IST" duration-ms="147313">
    <groups>
    </groups>
    <test started-at="2025-10-28T14:14:09 IST" name="Test" finished-at="2025-10-28T14:16:37 IST" duration-ms="147313">
      <class name="com.actitime.testscript.ProjectModule">
        <test-method is-config="true" signature="openBrowser()[pri:0, instance:com.actitime.testscript.ProjectModule@247bddad]" started-at="2025-10-28T14:14:09 IST" name="openBrowser" finished-at="2025-10-28T14:14:12 IST" duration-ms="2808" status="PASS">
          <reporter-output>
          </reporter-output>
        </test-method> <!-- openBrowser -->
        <test-method is-config="true" signature="login()[pri:0, instance:com.actitime.testscript.ProjectModule@247bddad]" started-at="2025-10-28T14:14:12 IST" name="login" finished-at="2025-10-28T14:14:13 IST" duration-ms="645" status="PASS">
          <reporter-output>
            <line>
              <![CDATA[LogIn]]>
            </line>
          </reporter-output>
        </test-method> <!-- login -->
        <test-method signature="createProject1()[pri:0, instance:com.actitime.testscript.ProjectModule@247bddad]" started-at="2025-10-28T14:14:13 IST" name="createProject1" finished-at="2025-10-28T14:14:20 IST" duration-ms="6980" status="PASS">
          <reporter-output>
            <line>
              <![CDATA[Project 1 is Created successfully!]]>
            </line>
            <line>
              <![CDATA[createProject1has been TestSuccess ]]>
            </line>
          </reporter-output>
        </test-method> <!-- createProject1 -->
        <test-method is-config="true" signature="logout()[pri:0, instance:com.actitime.testscript.ProjectModule@247bddad]" started-at="2025-10-28T14:14:20 IST" name="logout" finished-at="2025-10-28T14:14:22 IST" duration-ms="2362" status="PASS">
          <reporter-output>
            <line>
              <![CDATA[LogOut]]>
            </line>
          </reporter-output>
        </test-method> <!-- logout -->
        <test-method is-config="true" signature="login()[pri:0, instance:com.actitime.testscript.ProjectModule@247bddad]" started-at="2025-10-28T14:14:22 IST" name="login" finished-at="2025-10-28T14:14:23 IST" duration-ms="534" status="PASS">
          <reporter-output>
            <line>
              <![CDATA[LogIn]]>
            </line>
          </reporter-output>
        </test-method> <!-- login -->
        <test-method signature="createProject2()[pri:0, instance:com.actitime.testscript.ProjectModule@247bddad]" started-at="2025-10-28T14:14:23 IST" name="createProject2" finished-at="2025-10-28T14:14:28 IST" duration-ms="5262" status="PASS">
          <reporter-output>
            <line>
              <![CDATA[Project 2 is Created successfully!]]>
            </line>
            <line>
              <![CDATA[createProject2has been TestSuccess ]]>
            </line>
          </reporter-output>
        </test-method> <!-- createProject2 -->
        <test-method is-config="true" signature="logout()[pri:0, instance:com.actitime.testscript.ProjectModule@247bddad]" started-at="2025-10-28T14:14:28 IST" name="logout" finished-at="2025-10-28T14:14:31 IST" duration-ms="2421" status="PASS">
          <reporter-output>
            <line>
              <![CDATA[LogOut]]>
            </line>
          </reporter-output>
        </test-method> <!-- logout -->
        <test-method is-config="true" signature="login()[pri:0, instance:com.actitime.testscript.ProjectModule@247bddad]" started-at="2025-10-28T14:14:31 IST" name="login" finished-at="2025-10-28T14:14:31 IST" duration-ms="605" status="PASS">
          <reporter-output>
            <line>
              <![CDATA[LogIn]]>
            </line>
          </reporter-output>
        </test-method> <!-- login -->
        <test-method signature="deleteProject1()[pri:0, instance:com.actitime.testscript.ProjectModule@247bddad]" started-at="2025-10-28T14:14:31 IST" name="deleteProject1" finished-at="2025-10-28T14:14:42 IST" duration-ms="10628" status="PASS">
          <reporter-output>
            <line>
              <![CDATA[Project 1 is Deleted successfully!]]>
            </line>
            <line>
              <![CDATA[deleteProject1has been TestSuccess ]]>
            </line>
          </reporter-output>
        </test-method> <!-- deleteProject1 -->
        <test-method is-config="true" signature="logout()[pri:0, instance:com.actitime.testscript.ProjectModule@247bddad]" started-at="2025-10-28T14:14:42 IST" name="logout" finished-at="2025-10-28T14:14:44 IST" duration-ms="2322" status="PASS">
          <reporter-output>
            <line>
              <![CDATA[LogOut]]>
            </line>
          </reporter-output>
        </test-method> <!-- logout -->
        <test-method is-config="true" signature="login()[pri:0, instance:com.actitime.testscript.ProjectModule@247bddad]" started-at="2025-10-28T14:14:44 IST" name="login" finished-at="2025-10-28T14:14:45 IST" duration-ms="507" status="PASS">
          <reporter-output>
            <line>
              <![CDATA[LogIn]]>
            </line>
          </reporter-output>
        </test-method> <!-- login -->
        <test-method signature="deleteProject2()[pri:0, instance:com.actitime.testscript.ProjectModule@247bddad]" started-at="2025-10-28T14:14:45 IST" name="deleteProject2" finished-at="2025-10-28T14:14:55 IST" duration-ms="10573" status="PASS">
          <reporter-output>
            <line>
              <![CDATA[Project 2 is Deleted successfully!]]>
            </line>
            <line>
              <![CDATA[deleteProject2has been TestSuccess ]]>
            </line>
          </reporter-output>
        </test-method> <!-- deleteProject2 -->
        <test-method is-config="true" signature="logout()[pri:0, instance:com.actitime.testscript.ProjectModule@247bddad]" started-at="2025-10-28T14:14:55 IST" name="logout" finished-at="2025-10-28T14:14:58 IST" duration-ms="2318" status="PASS">
          <reporter-output>
            <line>
              <![CDATA[LogOut]]>
            </line>
          </reporter-output>
        </test-method> <!-- logout -->
        <test-method is-config="true" signature="closeBrowser()[pri:0, instance:com.actitime.testscript.ProjectModule@247bddad]" started-at="2025-10-28T14:14:58 IST" name="closeBrowser" finished-at="2025-10-28T14:14:58 IST" duration-ms="347" status="PASS">
          <reporter-output>
            <line>
              <![CDATA[closeBrowser]]>
            </line>
          </reporter-output>
        </test-method> <!-- closeBrowser -->
      </class> <!-- com.actitime.testscript.ProjectModule -->
      <class name="com.actitime.testscript.CustomerModule">
        <test-method is-config="true" signature="openBrowser()[pri:0, instance:com.actitime.testscript.CustomerModule@41a2befb]" started-at="2025-10-28T14:14:58 IST" name="openBrowser" finished-at="2025-10-28T14:15:00 IST" duration-ms="1811" status="PASS">
          <reporter-output>
          </reporter-output>
        </test-method> <!-- openBrowser -->
        <test-method is-config="true" signature="login()[pri:0, instance:com.actitime.testscript.CustomerModule@41a2befb]" started-at="2025-10-28T14:15:00 IST" name="login" finished-at="2025-10-28T14:15:00 IST" duration-ms="451" status="PASS">
          <reporter-output>
            <line>
              <![CDATA[LogIn]]>
            </line>
          </reporter-output>
        </test-method> <!-- login -->
        <test-method signature="createCustomer()[pri:0, instance:com.actitime.testscript.CustomerModule@41a2befb]" started-at="2025-10-28T14:15:00 IST" name="createCustomer" finished-at="2025-10-28T14:15:04 IST" duration-ms="4120" status="PASS">
          <reporter-output>
            <line>
              <![CDATA[Customer is Created successfully!]]>
            </line>
            <line>
              <![CDATA[createCustomerhas been TestSuccess ]]>
            </line>
          </reporter-output>
        </test-method> <!-- createCustomer -->
        <test-method is-config="true" signature="logout()[pri:0, instance:com.actitime.testscript.CustomerModule@41a2befb]" started-at="2025-10-28T14:15:04 IST" name="logout" finished-at="2025-10-28T14:15:07 IST" duration-ms="2268" status="PASS">
          <reporter-output>
            <line>
              <![CDATA[LogOut]]>
            </line>
          </reporter-output>
        </test-method> <!-- logout -->
        <test-method is-config="true" signature="login()[pri:0, instance:com.actitime.testscript.CustomerModule@41a2befb]" started-at="2025-10-28T14:15:07 IST" name="login" finished-at="2025-10-28T14:15:07 IST" duration-ms="401" status="PASS">
          <reporter-output>
            <line>
              <![CDATA[LogIn]]>
            </line>
          </reporter-output>
        </test-method> <!-- login -->
        <test-method signature="deleteCustomer()[pri:0, instance:com.actitime.testscript.CustomerModule@41a2befb]" started-at="2025-10-28T14:15:07 IST" name="deleteCustomer" finished-at="2025-10-28T14:15:14 IST" duration-ms="6635" status="PASS">
          <reporter-output>
            <line>
              <![CDATA[Customer is Deleted successfully!]]>
            </line>
            <line>
              <![CDATA[deleteCustomerhas been TestSuccess ]]>
            </line>
          </reporter-output>
        </test-method> <!-- deleteCustomer -->
        <test-method is-config="true" signature="logout()[pri:0, instance:com.actitime.testscript.CustomerModule@41a2befb]" started-at="2025-10-28T14:15:14 IST" name="logout" finished-at="2025-10-28T14:15:16 IST" duration-ms="2299" status="PASS">
          <reporter-output>
            <line>
              <![CDATA[LogOut]]>
            </line>
          </reporter-output>
        </test-method> <!-- logout -->
        <test-method is-config="true" signature="closeBrowser()[pri:0, instance:com.actitime.testscript.CustomerModule@41a2befb]" started-at="2025-10-28T14:15:16 IST" name="closeBrowser" finished-at="2025-10-28T14:15:16 IST" duration-ms="291" status="PASS">
          <reporter-output>
            <line>
              <![CDATA[closeBrowser]]>
            </line>
          </reporter-output>
        </test-method> <!-- closeBrowser -->
      </class> <!-- com.actitime.testscript.CustomerModule -->
      <class name="com.actitime.testscript.Task_Create_Delete_Module">
        <test-method is-config="true" signature="openBrowser()[pri:0, instance:com.actitime.testscript.Task_Create_Delete_Module@6c40365c]" started-at="2025-10-28T14:15:16 IST" name="openBrowser" finished-at="2025-10-28T14:15:18 IST" duration-ms="1768" status="PASS">
          <reporter-output>
          </reporter-output>
        </test-method> <!-- openBrowser -->
        <test-method is-config="true" signature="login()[pri:0, instance:com.actitime.testscript.Task_Create_Delete_Module@6c40365c]" started-at="2025-10-28T14:15:18 IST" name="login" finished-at="2025-10-28T14:15:19 IST" duration-ms="568" status="PASS">
          <reporter-output>
            <line>
              <![CDATA[LogIn]]>
            </line>
          </reporter-output>
        </test-method> <!-- login -->
        <test-method signature="CreateTask()[pri:0, instance:com.actitime.testscript.Task_Create_Delete_Module@6c40365c]" started-at="2025-10-28T14:15:19 IST" name="CreateTask" finished-at="2025-10-28T14:15:28 IST" duration-ms="9009" status="PASS">
          <reporter-output>
            <line>
              <![CDATA[Tasks are Created !!!]]>
            </line>
            <line>
              <![CDATA[CreateTaskhas been TestSuccess ]]>
            </line>
          </reporter-output>
        </test-method> <!-- CreateTask -->
        <test-method is-config="true" signature="logout()[pri:0, instance:com.actitime.testscript.Task_Create_Delete_Module@6c40365c]" started-at="2025-10-28T14:15:28 IST" name="logout" finished-at="2025-10-28T14:15:30 IST" duration-ms="2376" status="PASS">
          <reporter-output>
            <line>
              <![CDATA[LogOut]]>
            </line>
          </reporter-output>
        </test-method> <!-- logout -->
        <test-method is-config="true" signature="login()[pri:0, instance:com.actitime.testscript.Task_Create_Delete_Module@6c40365c]" started-at="2025-10-28T14:15:30 IST" name="login" finished-at="2025-10-28T14:15:30 IST" duration-ms="474" status="PASS">
          <reporter-output>
            <line>
              <![CDATA[LogIn]]>
            </line>
          </reporter-output>
        </test-method> <!-- login -->
        <test-method signature="DeleteAllTask()[pri:0, instance:com.actitime.testscript.Task_Create_Delete_Module@6c40365c]" started-at="2025-10-28T14:15:30 IST" name="DeleteAllTask" finished-at="2025-10-28T14:16:09 IST" duration-ms="38424" status="PASS">
          <reporter-output>
            <line>
              <![CDATA[Task 1'Java_Programming' has been deleted]]>
            </line>
            <line>
              <![CDATA[Task 2'Python_Programming' has been deleted]]>
            </line>
            <line>
              <![CDATA[Task 3'C#_Programming' has been deleted]]>
            </line>
            <line>
              <![CDATA[Task 4'PHP_Programming' has been deleted]]>
            </line>
            <line>
              <![CDATA[Task 5'SQL' has been deleted]]>
            </line>
            <line>
              <![CDATA[DeleteAllTaskhas been TestSuccess ]]>
            </line>
          </reporter-output>
        </test-method> <!-- DeleteAllTask -->
        <test-method is-config="true" signature="logout()[pri:0, instance:com.actitime.testscript.Task_Create_Delete_Module@6c40365c]" started-at="2025-10-28T14:16:09 IST" name="logout" finished-at="2025-10-28T14:16:11 IST" duration-ms="2287" status="PASS">
          <reporter-output>
            <line>
              <![CDATA[LogOut]]>
            </line>
          </reporter-output>
        </test-method> <!-- logout -->
        <test-method is-config="true" signature="closeBrowser()[pri:0, instance:com.actitime.testscript.Task_Create_Delete_Module@6c40365c]" started-at="2025-10-28T14:16:11 IST" name="closeBrowser" finished-at="2025-10-28T14:16:11 IST" duration-ms="352" status="PASS">
          <reporter-output>
            <line>
              <![CDATA[closeBrowser]]>
            </line>
          </reporter-output>
        </test-method> <!-- closeBrowser -->
      </class> <!-- com.actitime.testscript.Task_Create_Delete_Module -->
      <class name="com.actitime.testscript.UserModule">
        <test-method is-config="true" signature="openBrowser()[pri:0, instance:com.actitime.testscript.UserModule@7bedc48a]" started-at="2025-10-28T14:16:11 IST" name="openBrowser" finished-at="2025-10-28T14:16:13 IST" duration-ms="1713" status="PASS">
          <reporter-output>
          </reporter-output>
        </test-method> <!-- openBrowser -->
        <test-method is-config="true" signature="login()[pri:0, instance:com.actitime.testscript.UserModule@7bedc48a]" started-at="2025-10-28T14:16:13 IST" name="login" finished-at="2025-10-28T14:16:14 IST" duration-ms="488" status="PASS">
          <reporter-output>
            <line>
              <![CDATA[LogIn]]>
            </line>
          </reporter-output>
        </test-method> <!-- login -->
        <test-method signature="createUser()[pri:0, instance:com.actitime.testscript.UserModule@7bedc48a]" started-at="2025-10-28T14:16:14 IST" name="createUser" finished-at="2025-10-28T14:16:20 IST" duration-ms="6349" status="PASS">
          <reporter-output>
            <line>
              <![CDATA[User 1 created successfully!]]>
            </line>
            <line>
              <![CDATA[User 2 created successfully!]]>
            </line>
            <line>
              <![CDATA[createUserhas been TestSuccess ]]>
            </line>
          </reporter-output>
        </test-method> <!-- createUser -->
        <test-method is-config="true" signature="logout()[pri:0, instance:com.actitime.testscript.UserModule@7bedc48a]" started-at="2025-10-28T14:16:20 IST" name="logout" finished-at="2025-10-28T14:16:22 IST" duration-ms="2313" status="PASS">
          <reporter-output>
            <line>
              <![CDATA[LogOut]]>
            </line>
          </reporter-output>
        </test-method> <!-- logout -->
        <test-method is-config="true" signature="login()[pri:0, instance:com.actitime.testscript.UserModule@7bedc48a]" started-at="2025-10-28T14:16:22 IST" name="login" finished-at="2025-10-28T14:16:23 IST" duration-ms="418" status="PASS">
          <reporter-output>
            <line>
              <![CDATA[LogIn]]>
            </line>
          </reporter-output>
        </test-method> <!-- login -->
        <test-method signature="deleteUser()[pri:0, instance:com.actitime.testscript.UserModule@7bedc48a]" started-at="2025-10-28T14:16:23 IST" name="deleteUser" finished-at="2025-10-28T14:16:34 IST" duration-ms="11295" status="PASS">
          <reporter-output>
            <line>
              <![CDATA[deleted user 1 successfully!]]>
            </line>
            <line>
              <![CDATA[deleted user 2 successfully!]]>
            </line>
            <line>
              <![CDATA[deleteUserhas been TestSuccess ]]>
            </line>
          </reporter-output>
        </test-method> <!-- deleteUser -->
        <test-method is-config="true" signature="logout()[pri:0, instance:com.actitime.testscript.UserModule@7bedc48a]" started-at="2025-10-28T14:16:34 IST" name="logout" finished-at="2025-10-28T14:16:36 IST" duration-ms="2367" status="PASS">
          <reporter-output>
            <line>
              <![CDATA[LogOut]]>
            </line>
          </reporter-output>
        </test-method> <!-- logout -->
        <test-method is-config="true" signature="closeBrowser()[pri:0, instance:com.actitime.testscript.UserModule@7bedc48a]" started-at="2025-10-28T14:16:36 IST" name="closeBrowser" finished-at="2025-10-28T14:16:37 IST" duration-ms="293" status="PASS">
          <reporter-output>
            <line>
              <![CDATA[closeBrowser]]>
            </line>
          </reporter-output>
        </test-method> <!-- closeBrowser -->
      </class> <!-- com.actitime.testscript.UserModule -->
    </test> <!-- Test -->
  </suite> <!-- Suite -->
</testng-results>
